<?xml version="1.0" encoding="UTF-8"?>
<testng-results ignored="0" total="1" passed="1" failed="0" skipped="0">
  <reporter-output>
  </reporter-output>
  <suite started-at="2021-05-28T16:10:33 IST" name="Suite" finished-at="2021-05-28T16:10:37 IST" duration-ms="4429">
    <groups>
    </groups>
    <test started-at="2021-05-28T16:10:33 IST" name="Test" finished-at="2021-05-28T16:10:37 IST" duration-ms="4429">
      <class name="com.rest.dummy.Basics">
        <test-method signature="GetPost()[pri:0, instance:com.rest.dummy.Basics@6d4e5011]" started-at="2021-05-28T16:10:33 IST" name="GetPost" finished-at="2021-05-28T16:10:37 IST" duration-ms="4340" status="PASS">
          <reporter-output>
          </reporter-output>
        </test-method> <!-- GetPost -->
      </class> <!-- com.rest.dummy.Basics -->
    </test> <!-- Test -->
  </suite> <!-- Suite -->
</testng-results>
