<?xml version="1.0" encoding="UTF-8"?>
<testng-results ignored="0" total="1" passed="1" failed="0" skipped="0">
  <reporter-output>
  </reporter-output>
  <suite started-at="2021-05-28T16:00:23 IST" name="Default suite" finished-at="2021-05-28T16:00:27 IST" duration-ms="3970">
    <groups>
    </groups>
    <test started-at="2021-05-28T16:00:23 IST" name="Default test" finished-at="2021-05-28T16:00:27 IST" duration-ms="3970">
      <class name="com.rest.dummy.Basics">
        <test-method signature="GetPost()[pri:0, instance:com.rest.dummy.Basics@fa49800]" started-at="2021-05-28T16:00:23 IST" name="GetPost" finished-at="2021-05-28T16:00:27 IST" duration-ms="3884" status="PASS">
          <reporter-output>
          </reporter-output>
        </test-method> <!-- GetPost -->
      </class> <!-- com.rest.dummy.Basics -->
    </test> <!-- Default test -->
  </suite> <!-- Default suite -->
</testng-results>
